<?xml version="1.0" encoding="UTF-8"?>
<testsuite xmlns:xsi="http://www.w3.org/2001/XMLSchema-instance" xsi:schemaLocation="https://maven.apache.org/surefire/maven-surefire-plugin/xsd/surefire-test-report.xsd" name="TestSuite" time="1,496.985" tests="9" errors="0" skipped="4" failures="0">
  <properties>
    <property name="java.runtime.name" value="Java(TM) SE Runtime Environment"/>
    <property name="sun.boot.library.path" value="C:\Program Files\Java\jdk1.8.0_221\jre\bin"/>
    <property name="java.vm.version" value="25.221-b11"/>
    <property name="java.vm.vendor" value="Oracle Corporation"/>
    <property name="maven.multiModuleProjectDirectory" value="D:\git\DCM_Automation_Regression"/>
    <property name="java.vendor.url" value="http://java.oracle.com/"/>
    <property name="path.separator" value=";"/>
    <property name="guice.disable.misplaced.annotation.check" value="true"/>
    <property name="java.vm.name" value="Java HotSpot(TM) 64-Bit Server VM"/>
    <property name="file.encoding.pkg" value="sun.io"/>
    <property name="user.script" value=""/>
    <property name="user.country" value="US"/>
    <property name="sun.java.launcher" value="SUN_STANDARD"/>
    <property name="sun.os.patch.level" value=""/>
    <property name="java.vm.specification.name" value="Java Virtual Machine Specification"/>
    <property name="user.dir" value="D:\git\DCM_Automation_Regression"/>
    <property name="java.runtime.version" value="1.8.0_221-b11"/>
    <property name="java.awt.graphicsenv" value="sun.awt.Win32GraphicsEnvironment"/>
    <property name="java.endorsed.dirs" value="C:\Program Files\Java\jdk1.8.0_221\jre\lib\endorsed"/>
    <property name="os.arch" value="amd64"/>
    <property name="java.io.tmpdir" value="D:\Users\spatil\AppData\Local\Temp\1\"/>
    <property name="line.separator" value="&#10;"/>
    <property name="java.vm.specification.vendor" value="Oracle Corporation"/>
    <property name="user.variant" value=""/>
    <property name="os.name" value="Windows Server 2016"/>
    <property name="classworlds.conf" value="D:\Discovery_Automation_Regression\.metadata\.plugins\org.eclipse.m2e.launching\launches\m2conf6636119639696280418.tmp"/>
    <property name="sun.jnu.encoding" value="Cp1252"/>
    <property name="java.library.path" value="C:\Program Files\Java\jdk1.8.0_221\bin;C:\Windows\Sun\Java\bin;C:\Windows\system32;C:\Windows;C:/Program Files/Java/jre1.8.0_231/bin/server;C:/Program Files/Java/jre1.8.0_231/bin;C:/Program Files/Java/jre1.8.0_231/lib/amd64;C:\Program Files (x86)\Common Files\Oracle\Java\javapath;C:\Windows\system32;C:\Windows;C:\Windows\System32\Wbem;C:\Windows\System32\WindowsPowerShell\v1.0\;C:\Program Files\Amazon\cfn-bootstrap\;C:\Program Files\dotnet\;C:\Program Files\Microsoft SQL Server\130\Tools\Binn\;C:\Program Files (x86)\Microsoft SQL Server\Client SDK\ODBC\130\Tools\Binn\;C:\Program Files (x86)\Microsoft SQL Server\140\Tools\Binn\;C:\Program Files (x86)\Microsoft SQL Server\140\DTS\Binn\;C:\Program Files (x86)\Microsoft SQL Server\140\Tools\Binn\ManagementStudio\;c:\program files\maven\bin;C:\Program Files (x86)\Sennheiser\SoftphoneSDK\;D:\Users\spatil\AppData\Local\Microsoft\WindowsApps;;C:\Program Files\Microsoft Office\root\Client;D:\Users\spatil\Downloads\eclipse-jee-oxygen-3a-win32-x86_64\eclipse;;."/>
    <property name="java.specification.name" value="Java Platform API Specification"/>
    <property name="java.class.version" value="52.0"/>
    <property name="sun.management.compiler" value="HotSpot 64-Bit Tiered Compilers"/>
    <property name="os.version" value="10.0"/>
    <property name="user.home" value="D:\Users\spatil"/>
    <property name="user.timezone" value="Asia/Calcutta"/>
    <property name="java.awt.printerjob" value="sun.awt.windows.WPrinterJob"/>
    <property name="java.specification.version" value="1.8"/>
    <property name="file.encoding" value="Cp1252"/>
    <property name="user.name" value="spatil"/>
    <property name="java.class.path" value="D:\Users\spatil\Downloads\eclipse-jee-oxygen-3a-win32-x86_64\eclipse\plugins\org.eclipse.m2e.maven.runtime_1.8.3.20180227-2135\jars\plexus-classworlds-2.5.2.jar"/>
    <property name="java.vm.specification.version" value="1.8"/>
    <property name="sun.arch.data.model" value="64"/>
    <property name="java.home" value="C:\Program Files\Java\jdk1.8.0_221\jre"/>
    <property name="sun.java.command" value="org.codehaus.plexus.classworlds.launcher.Launcher -B test"/>
    <property name="java.specification.vendor" value="Oracle Corporation"/>
    <property name="user.language" value="en"/>
    <property name="awt.toolkit" value="sun.awt.windows.WToolkit"/>
    <property name="java.vm.info" value="mixed mode"/>
    <property name="java.version" value="1.8.0_221"/>
    <property name="java.ext.dirs" value="C:\Program Files\Java\jdk1.8.0_221\jre\lib\ext;C:\Windows\Sun\Java\lib\ext"/>
    <property name="sun.boot.class.path" value="C:\Program Files\Java\jdk1.8.0_221\jre\lib\resources.jar;C:\Program Files\Java\jdk1.8.0_221\jre\lib\rt.jar;C:\Program Files\Java\jdk1.8.0_221\jre\lib\sunrsasign.jar;C:\Program Files\Java\jdk1.8.0_221\jre\lib\jsse.jar;C:\Program Files\Java\jdk1.8.0_221\jre\lib\jce.jar;C:\Program Files\Java\jdk1.8.0_221\jre\lib\charsets.jar;C:\Program Files\Java\jdk1.8.0_221\jre\lib\jfr.jar;C:\Program Files\Java\jdk1.8.0_221\jre\classes"/>
    <property name="java.vendor" value="Oracle Corporation"/>
    <property name="maven.home" value="D:\git\DCM_Automation_Regression\EMBEDDED"/>
    <property name="file.separator" value="\"/>
    <property name="java.vendor.url.bug" value="http://bugreport.sun.com/bugreport/"/>
    <property name="sun.cpu.endian" value="little"/>
    <property name="sun.io.unicode.encoding" value="UnicodeLittle"/>
    <property name="sun.desktop" value="windows"/>
    <property name="sun.cpu.isalist" value="amd64"/>
  </properties>
  <testcase name="doLogin" classname="testCases.LoginTest" time="377.906"/>
  <testcase name="clickActivity" classname="testCases.ActivitytTabTest" time="0">
    <skipped message="Skipping the test as runmode is set to no"/>
    <system-out><![CDATA[Test caseActivitytTabTeststarts from row5
Total no of rows in the test caseActivitytTabTestare1
Total no of columns in the test caseActivitytTabTestare5
N--Audit: Issue resolved with case manager--NEW: Investigation--ALL--Notes: Investigation--
**********
]]></system-out>
  </testcase>
  <testcase name="clickActivity" classname="testCases.DiaryTabTest" time="0">
    <skipped message="Skipping the test as runmode is set to no"/>
    <system-out><![CDATA[Test caseDiaryTabTeststarts from row9
Total no of rows in the test caseDiaryTabTestare1
Total no of columns in the test caseDiaryTabTestare6
N--All--ASAP--Sample diary --Closed--Open--
**********
]]></system-out>
  </testcase>
  <testcase name="addNewCaseEntry" classname="testCases.NewCaseEntryTabTest" time="0">
    <skipped message="Skipping the test as runmode is set to no"/>
    <system-out><![CDATA[Test caseNewCaseEntryTabTeststarts from row17
Total no of rows in the test caseNewCaseEntryTabTestare1
Total no of columns in the test caseNewCaseEntryTabTestare12
N--Rush--a--a--TPL Case--ABCXYZDEF--66675908994089378--1234567.0--1.23456789E8--Swanand--Patil--ABCXYZ--
**********
]]></system-out>
  </testcase>
  <testcase name="clickActivity" classname="testCases.COBCaseSearchTest" time="268.399"/>
  <testcase name="doLogin" classname="testCases.COBActivitytTabTest" time="42.705"/>
  <testcase name="doLogin" classname="testCases.COBDiaryTabTest" time="542.484"/>
  <testcase name="doLogin" classname="testCases.COBNewCaseEntryTabTest" time="263.663"/>
  <testcase name="clickActivity" classname="testCases.LetterTabTest" time="0">
    <skipped message="Skipping the test as runmode is set to no"/>
    <system-out><![CDATA[Test caseLetterTabTeststarts from row13
Total no of rows in the test caseLetterTabTestare1
Total no of columns in the test caseLetterTabTestare7
N--Outgoing--Email--Member--Accounting Letters--22_Accounting Refund--4/4/19--
**********
]]></system-out>
  </testcase>
</testsuite>