<?xml version="1.0" encoding="UTF-8"?>
<!-- Generated by org.testng.reporters.JUnitReportReporter -->
<testsuite skipped="1" hostname="EC2AMAZ-QPE55D9" name="testCases.ActivitytTabTest" tests="1" failures="0" timestamp="02 Dec 2019 07:02:18 GMT" time="0.000" errors="0">
  <testcase name="clickActivity" time="0.000" classname="testCases.ActivitytTabTest">
    <skipped/>
  </testcase> <!-- clickActivity -->
</testsuite> <!-- testCases.ActivitytTabTest -->
