<?xml version="1.0" encoding="UTF-8"?>
<!-- Generated by org.testng.reporters.JUnitReportReporter -->
<testsuite skipped="0" hostname="EC2AMAZ-QPE55D9" name="testCases.LoginTest" tests="1" failures="0" timestamp="21 Nov 2019 11:57:51 GMT" time="394.528" errors="0">
  <testcase name="doLogin" time="394.528" classname="testCases.LoginTest"/>
</testsuite> <!-- testCases.LoginTest -->
