<?xml version="1.0" encoding="UTF-8"?>
<!-- Generated by org.testng.reporters.JUnitReportReporter -->
<testsuite skipped="0" hostname="EC2AMAZ-QPE55D9" name="testCases.COBNewCaseEntryTabTest" tests="1" failures="0" timestamp="02 Dec 2019 07:02:18 GMT" time="263.663" errors="0">
  <testcase name="doLogin" time="263.663" classname="testCases.COBNewCaseEntryTabTest"/>
</testsuite> <!-- testCases.COBNewCaseEntryTabTest -->
