<?xml version="1.0" encoding="UTF-8"?>
<!-- Generated by org.testng.reporters.JUnitReportReporter -->
<testsuite skipped="0" hostname="EC2AMAZ-QPE55D9" name="testCases.LoginTest" tests="1" failures="0" timestamp="02 Dec 2019 07:02:18 GMT" time="377.906" errors="0">
  <testcase name="doLogin" time="377.906" classname="testCases.LoginTest"/>
</testsuite> <!-- testCases.LoginTest -->
