<?xml version="1.0" encoding="UTF-8"?>
<!-- Generated by org.testng.reporters.JUnitReportReporter -->
<testsuite skipped="0" hostname="EC2AMAZ-QPE55D9" name="testCases.COBCaseSearchTest" tests="1" failures="0" timestamp="02 Dec 2019 07:02:18 GMT" time="268.398" errors="0">
  <testcase name="clickActivity" time="268.398" classname="testCases.COBCaseSearchTest"/>
</testsuite> <!-- testCases.COBCaseSearchTest -->
