<?xml version="1.0" encoding="UTF-8"?>
<!-- Generated by org.testng.reporters.JUnitReportReporter -->
<testsuite skipped="1" hostname="EC2AMAZ-QPE55D9" name="testCases.NewCaseEntryTabTest" tests="1" failures="0" timestamp="21 Nov 2019 11:57:51 GMT" time="0.000" errors="0">
  <testcase name="addNewCaseEntry" time="0.000" classname="testCases.NewCaseEntryTabTest">
    <skipped/>
  </testcase> <!-- addNewCaseEntry -->
</testsuite> <!-- testCases.NewCaseEntryTabTest -->
